<?xml version="1.0" encoding="UTF-8"?>
<!-- Generated by org.testng.reporters.JUnitReportReporter -->
<testsuite hostname="LAPTOP-IIU9OJ2R" failures="0" tests="1" name="testCases.TC002_LoginTest" time="1.519" errors="0" timestamp="2025-08-06T17:07:53 IST" skipped="0">
  <testcase classname="testCases.TC002_LoginTest" name="testLogin" time="1.519"/>
</testsuite> <!-- testCases.TC002_LoginTest -->
