<?xml version="1.0" encoding="UTF-8"?>
<!-- Generated by org.testng.reporters.JUnitReportReporter -->
<testsuite hostname="LAPTOP-IIU9OJ2R" failures="0" tests="1" name="testCases.TC001_AccountRegistrationTest" time="2.467" errors="0" timestamp="2025-08-06T17:07:53 IST" skipped="0">
  <testcase classname="testCases.TC001_AccountRegistrationTest" name="testAccountRegister" time="2.467"/>
</testsuite> <!-- testCases.TC001_AccountRegistrationTest -->
